<?xml version="1.0" encoding="UTF-8"?>
<testsuite xmlns:xsi="http://www.w3.org/2001/XMLSchema-instance" xsi:noNamespaceSchemaLocation="https://maven.apache.org/surefire/maven-surefire-plugin/xsd/surefire-test-report-3.0.xsd" version="3.0" name="TestSuite" time="18.33" tests="2" errors="0" skipped="0" failures="1">
  <properties>
    <property name="sun.desktop" value="windows"/>
    <property name="awt.toolkit" value="sun.awt.windows.WToolkit"/>
    <property name="java.specification.version" value="11"/>
    <property name="webdriver.chrome.driver" value="E:\WorkspaceForSeleniumTraining\DataDrivenFramework//src//test//resources//drivers//chromedriver.exe"/>
    <property name="sun.cpu.isalist" value="amd64"/>
    <property name="sun.jnu.encoding" value="Cp1252"/>
    <property name="java.class.path" value="E:\WorkspaceForSeleniumTraining\DataDrivenFramework\target\test-classes;E:\WorkspaceForSeleniumTraining\DataDrivenFramework\target\classes;C:\Users\surendarg97\.m2\repository\org\seleniumhq\selenium\selenium-java\3.141.59\selenium-java-3.141.59.jar;C:\Users\surendarg97\.m2\repository\org\seleniumhq\selenium\selenium-api\3.141.59\selenium-api-3.141.59.jar;C:\Users\surendarg97\.m2\repository\org\seleniumhq\selenium\selenium-chrome-driver\3.141.59\selenium-chrome-driver-3.141.59.jar;C:\Users\surendarg97\.m2\repository\org\seleniumhq\selenium\selenium-edge-driver\3.141.59\selenium-edge-driver-3.141.59.jar;C:\Users\surendarg97\.m2\repository\org\seleniumhq\selenium\selenium-firefox-driver\3.141.59\selenium-firefox-driver-3.141.59.jar;C:\Users\surendarg97\.m2\repository\org\seleniumhq\selenium\selenium-ie-driver\3.141.59\selenium-ie-driver-3.141.59.jar;C:\Users\surendarg97\.m2\repository\org\seleniumhq\selenium\selenium-opera-driver\3.141.59\selenium-opera-driver-3.141.59.jar;C:\Users\surendarg97\.m2\repository\org\seleniumhq\selenium\selenium-remote-driver\3.141.59\selenium-remote-driver-3.141.59.jar;C:\Users\surendarg97\.m2\repository\org\seleniumhq\selenium\selenium-safari-driver\3.141.59\selenium-safari-driver-3.141.59.jar;C:\Users\surendarg97\.m2\repository\org\seleniumhq\selenium\selenium-support\3.141.59\selenium-support-3.141.59.jar;C:\Users\surendarg97\.m2\repository\net\bytebuddy\byte-buddy\1.8.15\byte-buddy-1.8.15.jar;C:\Users\surendarg97\.m2\repository\org\apache\commons\commons-exec\1.3\commons-exec-1.3.jar;C:\Users\surendarg97\.m2\repository\com\google\guava\guava\25.0-jre\guava-25.0-jre.jar;C:\Users\surendarg97\.m2\repository\com\google\code\findbugs\jsr305\1.3.9\jsr305-1.3.9.jar;C:\Users\surendarg97\.m2\repository\org\checkerframework\checker-compat-qual\2.0.0\checker-compat-qual-2.0.0.jar;C:\Users\surendarg97\.m2\repository\com\google\errorprone\error_prone_annotations\2.1.3\error_prone_annotations-2.1.3.jar;C:\Users\surendarg97\.m2\repository\com\google\j2objc\j2objc-annotations\1.1\j2objc-annotations-1.1.jar;C:\Users\surendarg97\.m2\repository\org\codehaus\mojo\animal-sniffer-annotations\1.14\animal-sniffer-annotations-1.14.jar;C:\Users\surendarg97\.m2\repository\com\squareup\okhttp3\okhttp\3.11.0\okhttp-3.11.0.jar;C:\Users\surendarg97\.m2\repository\com\squareup\okio\okio\1.14.0\okio-1.14.0.jar;C:\Users\surendarg97\.m2\repository\com\relevantcodes\extentreports\2.41.2\extentreports-2.41.2.jar;C:\Users\surendarg97\.m2\repository\org\jsoup\jsoup\1.8.3\jsoup-1.8.3.jar;C:\Users\surendarg97\.m2\repository\org\xerial\sqlite-jdbc\3.8.11.1\sqlite-jdbc-3.8.11.1.jar;C:\Users\surendarg97\.m2\repository\org\freemarker\freemarker\2.3.23\freemarker-2.3.23.jar;C:\Users\surendarg97\.m2\repository\org\mongodb\mongodb-driver\3.0.4\mongodb-driver-3.0.4.jar;C:\Users\surendarg97\.m2\repository\org\mongodb\bson\3.0.4\bson-3.0.4.jar;C:\Users\surendarg97\.m2\repository\org\mongodb\mongodb-driver-core\3.0.4\mongodb-driver-core-3.0.4.jar;C:\Users\surendarg97\.m2\repository\org\uncommons\reportng\1.1.4\reportng-1.1.4.jar;C:\Users\surendarg97\.m2\repository\org\testng\testng\7.1.0\testng-7.1.0.jar;C:\Users\surendarg97\.m2\repository\com\beust\jcommander\1.72\jcommander-1.72.jar;C:\Users\surendarg97\.m2\repository\com\google\inject\guice\4.1.0\guice-4.1.0-no_aop.jar;C:\Users\surendarg97\.m2\repository\org\yaml\snakeyaml\1.21\snakeyaml-1.21.jar;C:\Users\surendarg97\.m2\repository\velocity\velocity\1.4\velocity-1.4.jar;C:\Users\surendarg97\.m2\repository\velocity\velocity-dep\1.4\velocity-dep-1.4.jar;C:\Users\surendarg97\.m2\repository\com\google\inject\guice\4.2.3\guice-4.2.3.jar;C:\Users\surendarg97\.m2\repository\javax\inject\javax.inject\1\javax.inject-1.jar;C:\Users\surendarg97\.m2\repository\aopalliance\aopalliance\1.0\aopalliance-1.0.jar;C:\Users\surendarg97\.m2\repository\log4j\log4j\1.2.17\log4j-1.2.17.jar;C:\Users\surendarg97\.m2\repository\javax\mail\mail\1.4.7\mail-1.4.7.jar;C:\Users\surendarg97\.m2\repository\javax\activation\activation\1.1\activation-1.1.jar;C:\Users\surendarg97\.m2\repository\mysql\mysql-connector-java\8.0.21\mysql-connector-java-8.0.21.jar;C:\Users\surendarg97\.m2\repository\com\google\protobuf\protobuf-java\3.11.4\protobuf-java-3.11.4.jar;C:\Users\surendarg97\.m2\repository\org\apache\poi\poi\4.1.2\poi-4.1.2.jar;C:\Users\surendarg97\.m2\repository\commons-codec\commons-codec\1.13\commons-codec-1.13.jar;C:\Users\surendarg97\.m2\repository\org\apache\commons\commons-collections4\4.4\commons-collections4-4.4.jar;C:\Users\surendarg97\.m2\repository\org\apache\commons\commons-math3\3.6.1\commons-math3-3.6.1.jar;C:\Users\surendarg97\.m2\repository\com\zaxxer\SparseBitSet\1.2\SparseBitSet-1.2.jar;C:\Users\surendarg97\.m2\repository\org\apache\poi\poi-ooxml\4.1.2\poi-ooxml-4.1.2.jar;C:\Users\surendarg97\.m2\repository\org\apache\commons\commons-compress\1.19\commons-compress-1.19.jar;C:\Users\surendarg97\.m2\repository\com\github\virtuald\curvesapi\1.06\curvesapi-1.06.jar;C:\Users\surendarg97\.m2\repository\dom4j\dom4j\1.6.1\dom4j-1.6.1.jar;C:\Users\surendarg97\.m2\repository\xml-apis\xml-apis\1.0.b2\xml-apis-1.0.b2.jar;C:\Users\surendarg97\.m2\repository\org\apache\xmlbeans\xmlbeans\3.1.0\xmlbeans-3.1.0.jar;C:\Users\surendarg97\.m2\repository\org\apache\poi\poi-ooxml-schemas\4.1.2\poi-ooxml-schemas-4.1.2.jar;C:\Users\surendarg97\.m2\repository\commons-io\commons-io\2.4\commons-io-2.4.jar;"/>
    <property name="java.vm.vendor" value="Amazon.com Inc."/>
    <property name="sun.arch.data.model" value="64"/>
    <property name="user.variant" value=""/>
    <property name="java.vendor.url" value="https://aws.amazon.com/corretto/"/>
    <property name="user.timezone" value="Asia/Calcutta"/>
    <property name="java.vm.specification.version" value="11"/>
    <property name="os.name" value="Windows 8.1"/>
    <property name="sun.java.launcher" value="SUN_STANDARD"/>
    <property name="user.country" value="US"/>
    <property name="sun.boot.library.path" value="C:\Program Files\Amazon Corretto\jdk11.0.6_10\bin"/>
    <property name="sun.java.command" value="C:\Users\surendarg97\AppData\Local\Temp\surefire1760785612595051188\surefirebooter9407113709135295234.jar C:\Users\surendarg97\AppData\Local\Temp\surefire1760785612595051188 2020-07-26T17-33-51_888-jvmRun1 surefire8910992320909317266tmp surefire_012809308146210276899tmp"/>
    <property name="jdk.debug" value="release"/>
    <property name="surefire.test.class.path" value="E:\WorkspaceForSeleniumTraining\DataDrivenFramework\target\test-classes;E:\WorkspaceForSeleniumTraining\DataDrivenFramework\target\classes;C:\Users\surendarg97\.m2\repository\org\seleniumhq\selenium\selenium-java\3.141.59\selenium-java-3.141.59.jar;C:\Users\surendarg97\.m2\repository\org\seleniumhq\selenium\selenium-api\3.141.59\selenium-api-3.141.59.jar;C:\Users\surendarg97\.m2\repository\org\seleniumhq\selenium\selenium-chrome-driver\3.141.59\selenium-chrome-driver-3.141.59.jar;C:\Users\surendarg97\.m2\repository\org\seleniumhq\selenium\selenium-edge-driver\3.141.59\selenium-edge-driver-3.141.59.jar;C:\Users\surendarg97\.m2\repository\org\seleniumhq\selenium\selenium-firefox-driver\3.141.59\selenium-firefox-driver-3.141.59.jar;C:\Users\surendarg97\.m2\repository\org\seleniumhq\selenium\selenium-ie-driver\3.141.59\selenium-ie-driver-3.141.59.jar;C:\Users\surendarg97\.m2\repository\org\seleniumhq\selenium\selenium-opera-driver\3.141.59\selenium-opera-driver-3.141.59.jar;C:\Users\surendarg97\.m2\repository\org\seleniumhq\selenium\selenium-remote-driver\3.141.59\selenium-remote-driver-3.141.59.jar;C:\Users\surendarg97\.m2\repository\org\seleniumhq\selenium\selenium-safari-driver\3.141.59\selenium-safari-driver-3.141.59.jar;C:\Users\surendarg97\.m2\repository\org\seleniumhq\selenium\selenium-support\3.141.59\selenium-support-3.141.59.jar;C:\Users\surendarg97\.m2\repository\net\bytebuddy\byte-buddy\1.8.15\byte-buddy-1.8.15.jar;C:\Users\surendarg97\.m2\repository\org\apache\commons\commons-exec\1.3\commons-exec-1.3.jar;C:\Users\surendarg97\.m2\repository\com\google\guava\guava\25.0-jre\guava-25.0-jre.jar;C:\Users\surendarg97\.m2\repository\com\google\code\findbugs\jsr305\1.3.9\jsr305-1.3.9.jar;C:\Users\surendarg97\.m2\repository\org\checkerframework\checker-compat-qual\2.0.0\checker-compat-qual-2.0.0.jar;C:\Users\surendarg97\.m2\repository\com\google\errorprone\error_prone_annotations\2.1.3\error_prone_annotations-2.1.3.jar;C:\Users\surendarg97\.m2\repository\com\google\j2objc\j2objc-annotations\1.1\j2objc-annotations-1.1.jar;C:\Users\surendarg97\.m2\repository\org\codehaus\mojo\animal-sniffer-annotations\1.14\animal-sniffer-annotations-1.14.jar;C:\Users\surendarg97\.m2\repository\com\squareup\okhttp3\okhttp\3.11.0\okhttp-3.11.0.jar;C:\Users\surendarg97\.m2\repository\com\squareup\okio\okio\1.14.0\okio-1.14.0.jar;C:\Users\surendarg97\.m2\repository\com\relevantcodes\extentreports\2.41.2\extentreports-2.41.2.jar;C:\Users\surendarg97\.m2\repository\org\jsoup\jsoup\1.8.3\jsoup-1.8.3.jar;C:\Users\surendarg97\.m2\repository\org\xerial\sqlite-jdbc\3.8.11.1\sqlite-jdbc-3.8.11.1.jar;C:\Users\surendarg97\.m2\repository\org\freemarker\freemarker\2.3.23\freemarker-2.3.23.jar;C:\Users\surendarg97\.m2\repository\org\mongodb\mongodb-driver\3.0.4\mongodb-driver-3.0.4.jar;C:\Users\surendarg97\.m2\repository\org\mongodb\bson\3.0.4\bson-3.0.4.jar;C:\Users\surendarg97\.m2\repository\org\mongodb\mongodb-driver-core\3.0.4\mongodb-driver-core-3.0.4.jar;C:\Users\surendarg97\.m2\repository\org\uncommons\reportng\1.1.4\reportng-1.1.4.jar;C:\Users\surendarg97\.m2\repository\org\testng\testng\7.1.0\testng-7.1.0.jar;C:\Users\surendarg97\.m2\repository\com\beust\jcommander\1.72\jcommander-1.72.jar;C:\Users\surendarg97\.m2\repository\com\google\inject\guice\4.1.0\guice-4.1.0-no_aop.jar;C:\Users\surendarg97\.m2\repository\org\yaml\snakeyaml\1.21\snakeyaml-1.21.jar;C:\Users\surendarg97\.m2\repository\velocity\velocity\1.4\velocity-1.4.jar;C:\Users\surendarg97\.m2\repository\velocity\velocity-dep\1.4\velocity-dep-1.4.jar;C:\Users\surendarg97\.m2\repository\com\google\inject\guice\4.2.3\guice-4.2.3.jar;C:\Users\surendarg97\.m2\repository\javax\inject\javax.inject\1\javax.inject-1.jar;C:\Users\surendarg97\.m2\repository\aopalliance\aopalliance\1.0\aopalliance-1.0.jar;C:\Users\surendarg97\.m2\repository\log4j\log4j\1.2.17\log4j-1.2.17.jar;C:\Users\surendarg97\.m2\repository\javax\mail\mail\1.4.7\mail-1.4.7.jar;C:\Users\surendarg97\.m2\repository\javax\activation\activation\1.1\activation-1.1.jar;C:\Users\surendarg97\.m2\repository\mysql\mysql-connector-java\8.0.21\mysql-connector-java-8.0.21.jar;C:\Users\surendarg97\.m2\repository\com\google\protobuf\protobuf-java\3.11.4\protobuf-java-3.11.4.jar;C:\Users\surendarg97\.m2\repository\org\apache\poi\poi\4.1.2\poi-4.1.2.jar;C:\Users\surendarg97\.m2\repository\commons-codec\commons-codec\1.13\commons-codec-1.13.jar;C:\Users\surendarg97\.m2\repository\org\apache\commons\commons-collections4\4.4\commons-collections4-4.4.jar;C:\Users\surendarg97\.m2\repository\org\apache\commons\commons-math3\3.6.1\commons-math3-3.6.1.jar;C:\Users\surendarg97\.m2\repository\com\zaxxer\SparseBitSet\1.2\SparseBitSet-1.2.jar;C:\Users\surendarg97\.m2\repository\org\apache\poi\poi-ooxml\4.1.2\poi-ooxml-4.1.2.jar;C:\Users\surendarg97\.m2\repository\org\apache\commons\commons-compress\1.19\commons-compress-1.19.jar;C:\Users\surendarg97\.m2\repository\com\github\virtuald\curvesapi\1.06\curvesapi-1.06.jar;C:\Users\surendarg97\.m2\repository\dom4j\dom4j\1.6.1\dom4j-1.6.1.jar;C:\Users\surendarg97\.m2\repository\xml-apis\xml-apis\1.0.b2\xml-apis-1.0.b2.jar;C:\Users\surendarg97\.m2\repository\org\apache\xmlbeans\xmlbeans\3.1.0\xmlbeans-3.1.0.jar;C:\Users\surendarg97\.m2\repository\org\apache\poi\poi-ooxml-schemas\4.1.2\poi-ooxml-schemas-4.1.2.jar;C:\Users\surendarg97\.m2\repository\commons-io\commons-io\2.4\commons-io-2.4.jar;"/>
    <property name="sun.cpu.endian" value="little"/>
    <property name="user.home" value="C:\Users\surendarg97"/>
    <property name="user.language" value="en"/>
    <property name="java.specification.vendor" value="Oracle Corporation"/>
    <property name="java.version.date" value="2020-01-14"/>
    <property name="java.home" value="C:\Program Files\Amazon Corretto\jdk11.0.6_10"/>
    <property name="file.separator" value="\"/>
    <property name="basedir" value="E:\WorkspaceForSeleniumTraining\DataDrivenFramework"/>
    <property name="java.vm.compressedOopsMode" value="32-bit"/>
    <property name="line.separator" value="&#10;"/>
    <property name="java.specification.name" value="Java Platform API Specification"/>
    <property name="java.vm.specification.vendor" value="Oracle Corporation"/>
    <property name="java.awt.graphicsenv" value="sun.awt.Win32GraphicsEnvironment"/>
    <property name="surefire.real.class.path" value="C:\Users\surendarg97\AppData\Local\Temp\surefire1760785612595051188\surefirebooter9407113709135295234.jar"/>
    <property name="user.script" value=""/>
    <property name="sun.management.compiler" value="HotSpot 64-Bit Tiered Compilers"/>
    <property name="java.runtime.version" value="11.0.6+10-LTS"/>
    <property name="user.name" value="surendarg97"/>
    <property name="path.separator" value=";"/>
    <property name="os.version" value="6.3"/>
    <property name="java.runtime.name" value="OpenJDK Runtime Environment"/>
    <property name="file.encoding" value="Cp1252"/>
    <property name="java.vm.name" value="OpenJDK 64-Bit Server VM"/>
    <property name="java.vendor.version" value="Corretto-11.0.6.10.1"/>
    <property name="localRepository" value="C:\Users\surendarg97\.m2\repository"/>
    <property name="java.vendor.url.bug" value="https://github.com/corretto/corretto-11/issues/"/>
    <property name="java.io.tmpdir" value="C:\Users\SUREND~1\AppData\Local\Temp\"/>
    <property name="java.version" value="11.0.6"/>
    <property name="user.dir" value="E:\WorkspaceForSeleniumTraining\DataDrivenFramework"/>
    <property name="os.arch" value="amd64"/>
    <property name="java.vm.specification.name" value="Java Virtual Machine Specification"/>
    <property name="java.awt.printerjob" value="sun.awt.windows.WPrinterJob"/>
    <property name="sun.os.patch.level" value=""/>
    <property name="java.library.path" value="C:\Program Files\Amazon Corretto\jdk11.0.6_10\bin;C:\Windows\Sun\Java\bin;C:\Windows\system32;C:\Windows;C:/Program Files/Java/jdk1.8.0_191/bin/../jre/bin/server;C:/Program Files/Java/jdk1.8.0_191/bin/../jre/bin;C:/Program Files/Java/jdk1.8.0_191/bin/../jre/lib/amd64;C:\Program Files\Java\jdk1.8.0_191\bin;C:\Windows\system32;C:\Windows;C:\Windows\System32\Wbem;C:\Windows\System32\WindowsPowerShell\v1.0;C:\Program Files\Git\cmd;C:\Program Files\Git\bin;E:\Files\Software\apache-maven-3.6.1\bin;C:\Program Files\Microsoft SQL Server\Client SDK\ODBC\130\Tools\Binn\;C:\Program Files (x86)\Microsoft SQL Server\140\Tools\Binn\;C:\Program Files\Microsoft SQL Server\140\Tools\Binn\;C:\Program Files\Microsoft SQL Server\140\DTS\Binn\;C:\Program Files (x86)\Microsoft SQL Server\110\Tools\Binn\ManagementStudio\;C:\Program Files (x86)\Microsoft SQL Server\110\Tools\Binn\;C:\Program Files (x86)\Microsoft Visual Studio 11.0\Common7\IDE\PrivateAssemblies\;C:\Program Files (x86)\Microsoft SQL Server\110\DTS\Binn\;C:\Program Files\SourceGear\Common\DiffMerge\;E:\Files\Selenium learning from udemy course\apache-maven-3.6.3\bin;E:\Files\Selenium learning from udemy course\eclipse;;."/>
    <property name="java.vendor" value="Amazon.com Inc."/>
    <property name="java.vm.info" value="mixed mode"/>
    <property name="java.vm.version" value="11.0.6+10-LTS"/>
    <property name="sun.io.unicode.encoding" value="UnicodeLittle"/>
    <property name="java.class.version" value="55.0"/>
  </properties>
  <testcase name="loginAsBankManager" classname="com.w2a.testcases.BankManagerLoginTest" time="3.501"/>
  <testcase name="addCustomer" classname="com.w2a.testcases.AddCustomerTest" time="4.386">
    <failure message="Failed willingly" type="java.lang.AssertionError"><![CDATA[java.lang.AssertionError: Failed willingly
	at com.w2a.testcases.AddCustomerTest.addCustomer(AddCustomerTest.java:36)
]]></failure>
  </testcase>
</testsuite>