<?xml version="1.0" encoding="UTF-8"?>
<!-- Generated by org.testng.reporters.JUnitReportReporter -->
<testsuite hostname="surendar" failures="0" tests="1" name="com.w2a.testcases.BankManagerLoginTest" time="3.160" errors="0" timestamp="2020-07-26T18:10:07 IST" skipped="0">
  <testcase classname="com.w2a.testcases.BankManagerLoginTest" name="loginAsBankManager" time="3.160"/>
  <system-out/>
</testsuite> <!-- com.w2a.testcases.BankManagerLoginTest -->
